  main.cpp
C:\Users\17380\source\repos\PBLF-in-UESTC1\main.cpp(1,1): warning C4819: 该文件包含不能在当前代码页(936)中表示的字符。请将该文件保存为 Unicode 格式以防止数据丢失
C:\Users\17380\source\repos\PBLF-in-UESTC1\vector2.h(51,32): warning C4244: “参数”: 从“__int64”转换到“int”，可能丢失数据
C:\Users\17380\source\repos\PBLF-in-UESTC1\vector2.h(51,21): warning C4244: “参数”: 从“__int64”转换到“int”，可能丢失数据
C:\Users\17380\source\repos\PBLF-in-UESTC1\vector2.h(56,32): warning C4244: “参数”: 从“__int64”转换到“int”，可能丢失数据
C:\Users\17380\source\repos\PBLF-in-UESTC1\vector2.h(56,21): warning C4244: “参数”: 从“__int64”转换到“int”，可能丢失数据
C:\Users\17380\source\repos\PBLF-in-UESTC1\vector2.h(61,50): warning C4244: “参数”: 从“__int64”转换到“int”，可能丢失数据
C:\Users\17380\source\repos\PBLF-in-UESTC1\vector2.h(61,27): warning C4244: “参数”: 从“__int64”转换到“int”，可能丢失数据
C:\Users\17380\source\repos\PBLF-in-UESTC1\vector2.h(66,28): warning C4244: “参数”: 从“float”转换到“int”，可能丢失数据
C:\Users\17380\source\repos\PBLF-in-UESTC1\vector2.h(66,19): warning C4244: “参数”: 从“float”转换到“int”，可能丢失数据
C:\Users\17380\source\repos\PBLF-in-UESTC1\vector2.h(70,28): warning C4244: “参数”: 从“float”转换到“int”，可能丢失数据
C:\Users\17380\source\repos\PBLF-in-UESTC1\vector2.h(70,19): warning C4244: “参数”: 从“float”转换到“int”，可能丢失数据
C:\Users\17380\source\repos\PBLF-in-UESTC1\vector2.h(90,39): warning C4244: “return”: 从“double”转换到“__int64”，可能丢失数据
C:\Users\17380\source\repos\PBLF-in-UESTC1\vector2.h(95,37): warning C4244: “参数”: 从“__int64”转换到“int”，可能丢失数据
C:\Users\17380\source\repos\PBLF-in-UESTC1\vector2.h(95,19): warning C4244: “参数”: 从“__int64”转换到“int”，可能丢失数据
C:\Users\17380\source\repos\PBLF-in-UESTC1\main.cpp(91,14): warning C4996: 'fopen': This function or variable may be unsafe. Consider using fopen_s instead. To disable deprecation, use _CRT_SECURE_NO_WARNINGS. See online help for details.
C:\Users\17380\source\repos\PBLF-in-UESTC1\main.cpp(136,12): warning C4244: “参数”: 从“time_t”转换到“unsigned int”，可能丢失数据
C:\Users\17380\source\repos\PBLF-in-UESTC1\main.cpp(160,11): warning C4244: “初始化”: 从“double”转换到“float”，可能丢失数据
C:\Users\17380\source\repos\PBLF-in-UESTC1\main.cpp(163,32): warning C4244: “参数”: 从“float”转换到“int”，可能丢失数据
C:\Users\17380\source\repos\PBLF-in-UESTC1\main.cpp(162,31): warning C4244: “参数”: 从“float”转换到“int”，可能丢失数据
C:\Users\17380\source\repos\PBLF-in-UESTC1\main.cpp(205,10): warning C4244: “初始化”: 从“__int64”转换到“int”，可能丢失数据
C:\Users\17380\source\repos\PBLF-in-UESTC1\main.cpp(206,10): warning C4244: “初始化”: 从“__int64”转换到“int”，可能丢失数据
C:\Users\17380\source\repos\PBLF-in-UESTC1\main.cpp(216,20): warning C4244: “初始化”: 从“__int64”转换到“float”，可能丢失数据
C:\Users\17380\source\repos\PBLF-in-UESTC1\main.cpp(218,26): warning C4244: “=”: 从“double”转换到“float”，可能丢失数据
C:\Users\17380\source\repos\PBLF-in-UESTC1\main.cpp(356,36): warning C4244: “参数”: 从“__int64”转换到“int”，可能丢失数据
C:\Users\17380\source\repos\PBLF-in-UESTC1\main.cpp(358,18): warning C4244: “初始化”: 从“__int64”转换到“float”，可能丢失数据
C:\Users\17380\source\repos\PBLF-in-UESTC1\main.cpp(359,24): warning C4244: “=”: 从“double”转换到“float”，可能丢失数据
C:\Users\17380\source\repos\PBLF-in-UESTC1\main.cpp(387,26): warning C4244: “+=”: 从“float”转换到“int”，可能丢失数据
C:\Users\17380\source\repos\PBLF-in-UESTC1\main.cpp(388,26): warning C4244: “+=”: 从“float”转换到“int”，可能丢失数据
C:\Users\17380\source\repos\PBLF-in-UESTC1\main.cpp(652,46): warning C4244: “参数”: 从“__int64”转换到“int”，可能丢失数据
C:\Users\17380\source\repos\PBLF-in-UESTC1\main.cpp(652,34): warning C4244: “参数”: 从“__int64”转换到“int”，可能丢失数据
C:\Users\17380\source\repos\PBLF-in-UESTC1\main.cpp(666,34): warning C4244: “参数”: 从“__int64”转换到“int”，可能丢失数据
C:\Users\17380\source\repos\PBLF-in-UESTC1\main.cpp(666,22): warning C4244: “参数”: 从“__int64”转换到“int”，可能丢失数据
C:\Users\17380\source\repos\PBLF-in-UESTC1\main.cpp(676,45): warning C4244: “参数”: 从“__int64”转换到“int”，可能丢失数据
C:\Users\17380\source\repos\PBLF-in-UESTC1\main.cpp(676,33): warning C4244: “参数”: 从“__int64”转换到“int”，可能丢失数据
  正在生成代码
  2 of 69 functions ( 2.9%) were compiled, the rest were copied from previous compilation.
    0 functions were new in current compilation
    1 functions had inline decision re-evaluated but remain unchanged
  已完成代码的生成
  植物大战僵尸.vcxproj -> C:\Users\17380\source\repos\PBLF-in-UESTC1\x64\Release\植物大战僵尸.exe
